2025-05-20 17:19:32,150 - __main__ - INFO - クロール用アカウントjinziyi705@gmail.comでTikTokにログイン中...
2025-05-20 17:20:41,515 - __main__ - INFO - クロール用アカウントjinziyi705@gmail.comでTikTokへのログインに成功しました
2025-05-20 17:20:41,530 - __main__ - INFO - クロール対象のお気に入りユーザー2件に対しbothデータのクロールを行います
2025-05-20 17:20:41,537 - __main__ - INFO - ユーザー @jun_apple.phone のbothデータのクロールを開始
2025-05-20 17:20:41,538 - __main__ - DEBUG - ユーザー @jun_apple.phone のページに移動中...
2025-05-20 17:20:48,282 - __main__ - DEBUG - ユーザー @jun_apple.phone のページに移動しました
2025-05-20 17:20:48,283 - __main__ - DEBUG - 動画の軽いデータの前半を取得中...
2025-05-20 17:21:21,142 - __main__ - DEBUG - 100件の画像要素を目標にユーザーページをスクロールします...
2025-05-20 17:21:22,530 - __main__ - DEBUG - 51件の画像要素を確認しました。
2025-05-20 17:21:27,052 - __main__ - DEBUG - 83件の画像要素を確認しました。
2025-05-20 17:21:32,713 - __main__ - DEBUG - 115件の画像要素を確認しました。
2025-05-20 17:21:32,715 - __main__ - DEBUG - 目標以上の115件の画像要素を確認しました。スクロールを完了します。
2025-05-20 17:21:32,730 - __main__ - DEBUG - 動画の軽いデータの前半を求めて100本の動画要素を走査します
2025-05-20 17:21:36,472 - __main__ - DEBUG - 動画の軽いデータの前半を取得しました: 100件
2025-05-20 17:21:36,472 - __main__ - DEBUG - ユーザー @jun_apple.phone のlast_crawledを更新します
2025-05-20 17:21:36,492 - __main__ - INFO - ユーザー @jun_apple.phone の軽いデータののクロールを開始
2025-05-20 17:21:36,493 - __main__ - DEBUG - 動画の軽いデータをパースおよび保存中...
2025-05-20 17:21:36,500 - __main__ - DEBUG - light_like_datasをoutput\debug\light_like_datas_20250520_172136.csvに出力しました: 100件
2025-05-20 17:21:37,425 - __main__ - INFO - 動画の軽いデータをパースおよび保存しました: 100件
2025-05-20 17:21:37,427 - __main__ - INFO - バッチの軽いデータのクロールを完了しました。ユーザー名のクロールを開始します。
2025-05-20 17:21:37,427 - __main__ - DEBUG - ユーザー名のデータを取得して保存中...
2025-05-20 17:21:37,457 - __main__ - DEBUG - ユーザー名のデータを取得して保存しました: jun_apple.phone, じゅん | iPhoneと便利ガジェットのある暮らし
2025-05-20 17:21:37,458 - __main__ - DEBUG - 動画ページに移動中...: https://www.tiktok.com/@jun_apple.phone/video/7504657930512370962
2025-05-20 17:21:42,532 - __main__ - DEBUG - 動画ページに移動しました: https://www.tiktok.com/@jun_apple.phone/video/7504657930512370962
2025-05-20 17:21:42,534 - __main__ - DEBUG - 動画の重いデータを取得中...
2025-05-20 17:21:42,740 - __main__ - DEBUG - 動画の重いデータを取得しました: https://www.tiktok.com/@jun_apple.phone/video/7504657930512370962
2025-05-20 17:21:42,741 - __main__ - DEBUG - 動画の重いデータをパースおよび保存中...: https://www.tiktok.com/@jun_apple.phone/video/7504657930512370962
2025-05-20 17:21:42,773 - __main__ - INFO - 動画の重いデータをパースおよび保存しました: https://www.tiktok.com/@jun_apple.phone/video/7504657930512370962
