2025-05-17 19:38:04,552 - __main__ - INFO - モバイル用fingerprinterをセットアップします...
2025-05-17 19:38:04,552 - src.crawler.selenium_manager - INFO - SeleniumManager初期化: device_type=mobile
2025-05-17 19:38:04,561 - src.crawler.selenium_manager - INFO - モバイル用の設定を適用します
2025-05-17 19:38:08,279 - src.crawler.selenium_manager - INFO - モバイル用CAPTCHA Solver付きのドライバーを作成します
2025-05-17 19:38:08,537 - src.crawler.selenium_manager - INFO - モバイル用Chromeドライバーの設定が完了しました
2025-05-17 19:38:08,539 - __main__ - INFO - モバイル用fingerprinterのセットアップが完了しました
2025-05-17 19:38:08,541 - __main__ - INFO - クロール用アカウントharuto_tanaka@isle-inc.comでTikTokにログイン中...
2025-05-17 19:38:28,276 - src.crawler.selenium_manager - DEBUG - captcha_present=True
2025-05-17 19:38:28,276 - src.crawler.selenium_manager - INFO - [1/10] CAPTCHA 解決を試行中…
2025-05-17 19:38:32,877 - src.crawler.selenium_manager - DEBUG - solve_CaptchaType.SHAPES_V2() => None
2025-05-17 19:38:32,907 - src.crawler.selenium_manager - INFO - CAPTCHA まだ残存。3s 待って再試行
2025-05-17 19:38:35,910 - src.crawler.selenium_manager - INFO - [2/10] CAPTCHA 解決を試行中…
2025-05-17 19:39:11,892 - src.crawler.selenium_manager - ERROR - CAPTCHA 解決中に例外が発生: Neither puzzle, shapes, or rotate captcha was present.
2025-05-17 19:39:11,925 - __main__ - INFO - クロール用アカウントharuto_tanaka@isle-inc.comでTikTokへのログインに成功しました
2025-05-17 19:39:11,979 - __main__ - INFO - クロール対象のお気に入りユーザー1000件に対しbothデータのクロールを行います
2025-05-17 19:39:12,050 - __main__ - INFO - ユーザー @yurileeeee の軽いデータのクロールを開始
2025-05-17 19:39:12,052 - __main__ - DEBUG - ユーザー @yurileeeee のページに移動中...
2025-05-17 19:39:15,715 - __main__ - DEBUG - ユーザー @yurileeeee のページに移動しました
2025-05-17 19:39:15,715 - __main__ - DEBUG - 動画の再生数の軽いデータの前半を取得中...
2025-05-17 19:39:30,956 - __main__ - DEBUG - 100件の画像要素を目標にユーザーページをスクロールします...
2025-05-17 19:39:32,887 - __main__ - DEBUG - 24件の画像要素を確認しました。
2025-05-17 19:39:43,691 - __main__ - WARNING - 新しい画像要素のロードがタイムアウトしました。24件の画像要素を確認しました。もう1度だけスクロールを試みます。
2025-05-17 19:39:45,351 - __main__ - DEBUG - 24件の画像要素を確認しました。
2025-05-17 19:39:56,140 - __main__ - WARNING - 新しい画像要素のロードが2回続けてタイムアウトしました。24件の画像要素を確認しました。スクロールを中止します。
Traceback (most recent call last):
  File "D:\app_ssd\Crawlsel2\TikTokCrawlSel_v2\src\crawler\tiktok_crawler.py", line 445, in scroll_user_page
    wait.until(lambda driver: len(driver.find_elements(By.CSS_SELECTOR, "div[data-e2e='user-post-item'],div[data-e2e='video-item']")) > current_items_count)
  File "C:\Users\kyoto\OneDrive\ドキュメント\code\tik_api\venv\Lib\site-packages\selenium\webdriver\support\wait.py", line 105, in until
    raise TimeoutException(message, screen, stacktrace)
selenium.common.exceptions.TimeoutException: Message: 

2025-05-17 19:39:56,169 - __main__ - DEBUG - 動画の再生数を求めて24本の動画要素を走査します
2025-05-17 19:39:56,657 - __main__ - INFO - ユーザー @yurileeeee の再生数の取得が完了
2025-05-17 19:39:56,657 - __main__ - DEBUG - 動画の再生数の軽いデータをパースおよび保存中...
2025-05-17 19:39:56,657 - __main__ - ERROR - ユーザー @yurileeeee の再生数データのクロール中に失敗。スキップします
Traceback (most recent call last):
  File "D:\app_ssd\Crawlsel2\TikTokCrawlSel_v2\src\crawler\tiktok_crawler.py", line 1416, in crawl_favorite_users
    self.crawl_play_count(user,max_videos_per_user=max_videos_per_user)
  File "D:\app_ssd\Crawlsel2\TikTokCrawlSel_v2\src\crawler\tiktok_crawler.py", line 1453, in crawl_play_count
    self.parse_and_save_play_count_datas(light_play_datas)
  File "D:\app_ssd\Crawlsel2\TikTokCrawlSel_v2\src\crawler\tiktok_crawler.py", line 1126, in parse_and_save_play_count_datas
    for play_data in light_play_datas:
TypeError: 'NoneType' object is not iterable
2025-05-17 19:39:56,657 - __main__ - INFO - ユーザー @kazugurashi の軽いデータのクロールを開始
2025-05-17 19:39:56,657 - __main__ - DEBUG - ユーザー @kazugurashi のページに移動中...
2025-05-17 19:40:00,101 - __main__ - DEBUG - ユーザー @kazugurashi のページに移動しました
2025-05-17 19:40:00,102 - __main__ - DEBUG - 動画の再生数の軽いデータの前半を取得中...
2025-05-17 19:40:06,198 - src.crawler.selenium_manager - INFO - Chromeドライバーを終了しました
2025-05-17 19:40:06,203 - __main__ - INFO - ユーザーにより中断されました
