2025-05-17 21:26:39,969 - __main__ - INFO - モバイル用fingerprinterをセットアップします...
2025-05-17 21:26:39,969 - src.crawler.selenium_manager - INFO - SeleniumManager初期化: device_type=mobile
2025-05-17 21:26:39,969 - src.crawler.selenium_manager - INFO - モバイル用の設定を適用します
2025-05-17 21:26:42,810 - src.crawler.selenium_manager - INFO - モバイル用CAPTCHA Solver付きのドライバーを作成します
2025-05-17 21:26:42,875 - src.crawler.selenium_manager - INFO - モバイル用Chromeドライバーの設定が完了しました
2025-05-17 21:26:42,875 - __main__ - INFO - モバイル用fingerprinterのセットアップが完了しました
2025-05-17 21:26:42,876 - __main__ - INFO - クロール用アカウントharuto_tanaka@isle-inc.comでTikTokにログイン中...
2025-05-17 21:27:02,335 - src.crawler.selenium_manager - DEBUG - captcha_present=True
2025-05-17 21:27:02,335 - src.crawler.selenium_manager - INFO - [1/10] CAPTCHA 解決を試行中…
2025-05-17 21:27:13,516 - src.crawler.selenium_manager - ERROR - CAPTCHA解決をリフレッシュします。
2025-05-17 21:27:13,624 - src.crawler.selenium_manager - DEBUG - リフレッシュボタンをクリックしました
2025-05-17 21:27:13,675 - src.crawler.selenium_manager - INFO - [2/10] CAPTCHA 解決を試行中…
2025-05-17 21:27:19,667 - src.crawler.selenium_manager - DEBUG - solve_CaptchaType.ROTATE_V2() => None
2025-05-17 21:27:19,691 - src.crawler.selenium_manager - INFO - CAPTCHA まだ残存。3s 待って再試行
2025-05-17 21:27:22,700 - src.crawler.selenium_manager - INFO - [3/10] CAPTCHA 解決を試行中…
2025-05-17 21:27:58,120 - src.crawler.selenium_manager - ERROR - CAPTCHA 解決中に例外が発生: Neither puzzle, shapes, or rotate captcha was present.
2025-05-17 21:27:58,140 - __main__ - INFO - クロール用アカウントharuto_tanaka@isle-inc.comでTikTokへのログインに成功しました
2025-05-17 21:27:58,150 - __main__ - INFO - クロール対象のお気に入りユーザー1000件に対しbothデータのクロールを行います
2025-05-17 21:27:58,204 - __main__ - INFO - ユーザー @yurileeeee の軽いデータのクロールを開始
2025-05-17 21:27:58,204 - __main__ - DEBUG - ユーザー @yurileeeee のページに移動中...
2025-05-17 21:28:02,178 - __main__ - DEBUG - ユーザー @yurileeeee のページに移動しました
2025-05-17 21:28:02,178 - __main__ - DEBUG - 動画の再生数の軽いデータの前半を取得中...
2025-05-17 21:28:20,807 - __main__ - DEBUG - 100件の画像要素を目標にユーザーページをスクロールします...
2025-05-17 21:28:22,716 - __main__ - DEBUG - 24件の画像要素を確認しました。
2025-05-17 21:28:33,502 - __main__ - WARNING - 新しい画像要素のロードがタイムアウトしました。24件の画像要素を確認しました。もう1度だけスクロールを試みます。
2025-05-17 21:28:34,962 - __main__ - DEBUG - 24件の画像要素を確認しました。
2025-05-17 21:28:45,763 - __main__ - WARNING - 新しい画像要素のロードが2回続けてタイムアウトしました。24件の画像要素を確認しました。スクロールを中止します。
Traceback (most recent call last):
  File "D:\app_ssd\Crawlsel2\TikTokCrawlSel_v2\src\crawler\tiktok_crawler.py", line 445, in scroll_user_page
    wait.until(lambda driver: len(driver.find_elements(By.CSS_SELECTOR, "div[data-e2e='user-post-item'],div[data-e2e='video-item']")) > current_items_count)
  File "C:\Users\kyoto\OneDrive\ドキュメント\code\tik_api\venv\Lib\site-packages\selenium\webdriver\support\wait.py", line 105, in until
    raise TimeoutException(message, screen, stacktrace)
selenium.common.exceptions.TimeoutException: Message: 

2025-05-17 21:28:45,796 - __main__ - DEBUG - 動画の再生数を求めて24本の動画要素を走査します
2025-05-17 21:28:46,333 - __main__ - DEBUG - 動画の再生数を取得しました: 24件
2025-05-17 21:28:46,333 - __main__ - INFO - ユーザー @yurileeeee の再生数の取得が完了
2025-05-17 21:28:46,333 - __main__ - DEBUG - 動画の再生数の軽いデータをパースおよび保存中...
2025-05-17 21:28:46,525 - __main__ - INFO - 動画の再生数の軽いデータをパースおよび保存しました: 24件
2025-05-17 21:28:47,119 - __main__ - INFO - Pub/Subメッセージを送信しました。Message ID: 1
2025-05-17 21:28:47,119 - __main__ - INFO - ユーザー @yurileeeee の再生数のクロールを完了しました。
2025-05-17 21:28:47,121 - __main__ - INFO - ユーザー @kazugurashi の軽いデータのクロールを開始
2025-05-17 21:28:47,121 - __main__ - DEBUG - ユーザー @kazugurashi のページに移動中...
2025-05-17 21:28:52,297 - __main__ - DEBUG - ユーザー @kazugurashi のページに移動しました
2025-05-17 21:28:52,299 - __main__ - DEBUG - 動画の再生数の軽いデータの前半を取得中...
2025-05-17 21:29:09,345 - __main__ - DEBUG - 100件の画像要素を目標にユーザーページをスクロールします...
2025-05-17 21:29:11,320 - __main__ - DEBUG - 24件の画像要素を確認しました。
2025-05-17 21:29:22,173 - __main__ - WARNING - 新しい画像要素のロードがタイムアウトしました。24件の画像要素を確認しました。もう1度だけスクロールを試みます。
2025-05-17 21:29:23,349 - __main__ - DEBUG - 24件の画像要素を確認しました。
2025-05-17 21:29:34,181 - __main__ - WARNING - 新しい画像要素のロードが2回続けてタイムアウトしました。24件の画像要素を確認しました。スクロールを中止します。
Traceback (most recent call last):
  File "D:\app_ssd\Crawlsel2\TikTokCrawlSel_v2\src\crawler\tiktok_crawler.py", line 445, in scroll_user_page
    wait.until(lambda driver: len(driver.find_elements(By.CSS_SELECTOR, "div[data-e2e='user-post-item'],div[data-e2e='video-item']")) > current_items_count)
  File "C:\Users\kyoto\OneDrive\ドキュメント\code\tik_api\venv\Lib\site-packages\selenium\webdriver\support\wait.py", line 105, in until
    raise TimeoutException(message, screen, stacktrace)
selenium.common.exceptions.TimeoutException: Message: 

2025-05-17 21:29:34,189 - __main__ - DEBUG - 動画の再生数を求めて24本の動画要素を走査します
2025-05-17 21:29:34,781 - __main__ - DEBUG - 動画の再生数を取得しました: 24件
2025-05-17 21:29:34,782 - __main__ - INFO - ユーザー @kazugurashi の再生数の取得が完了
2025-05-17 21:29:34,783 - __main__ - DEBUG - 動画の再生数の軽いデータをパースおよび保存中...
2025-05-17 21:29:34,926 - __main__ - INFO - 動画の再生数の軽いデータをパースおよび保存しました: 24件
2025-05-17 21:29:34,947 - __main__ - INFO - Pub/Subメッセージを送信しました。Message ID: 2
2025-05-17 21:29:34,948 - __main__ - INFO - ユーザー @kazugurashi の再生数のクロールを完了しました。
2025-05-17 21:29:34,948 - __main__ - INFO - ユーザー @kotobuki_1 の軽いデータのクロールを開始
2025-05-17 21:29:34,949 - __main__ - DEBUG - ユーザー @kotobuki_1 のページに移動中...
2025-05-17 21:29:39,948 - __main__ - DEBUG - ユーザー @kotobuki_1 のページに移動しました
2025-05-17 21:29:39,948 - __main__ - DEBUG - 動画の再生数の軽いデータの前半を取得中...
2025-05-17 21:29:58,021 - src.crawler.selenium_manager - INFO - Chromeドライバーを終了しました
2025-05-17 21:29:58,025 - __main__ - INFO - ユーザーにより中断されました
