2025-05-17 14:37:35,601 - src.crawler.selenium_manager - INFO - SeleniumManager初期化: device_type=mobile
2025-05-17 14:37:35,606 - src.crawler.selenium_manager - INFO - モバイル用の設定を適用します
2025-05-17 14:37:38,553 - src.crawler.selenium_manager - ERROR - モバイル用Chromeドライバーの設定中にエラーが発生しました: Message: invalid argument: cannot parse capability: goog:chromeOptions
from invalid argument: unrecognized chrome option: excludeSwitches
Stacktrace:
	GetHandleVerifier [0x0062FC83+61635]
	GetHandleVerifier [0x0062FCC4+61700]
	(No symbol) [0x004505D3]
	(No symbol) [0x00477B5C]
	(No symbol) [0x00479510]
	(No symbol) [0x004745CD]
	(No symbol) [0x004C7812]
	(No symbol) [0x004C7242]
	(No symbol) [0x004C8A06]
	(No symbol) [0x004C880A]
	(No symbol) [0x004BD096]
	(No symbol) [0x0048C840]
	(No symbol) [0x0048D6A4]
	GetHandleVerifier [0x008B45A3+2701795]
	GetHandleVerifier [0x008AFD26+2683238]
	GetHandleVerifier [0x008CAA6E+2793134]
	GetHandleVerifier [0x00646945+155013]
	GetHandleVerifier [0x0064D02D+181357]
	GetHandleVerifier [0x006374D8+92440]
	GetHandleVerifier [0x00637680+92864]
	GetHandleVerifier [0x00622070+5296]
	BaseThreadInitThunk [0x759B5D49+25]
	RtlInitializeExceptionChain [0x7727D03B+107]
	RtlGetAppContainerNamedObjectPath [0x7727CFC1+561]

