2025-05-17 14:37:35,598 - __main__ - INFO - モバイル用fingerprinterをセットアップします...
2025-05-17 14:37:38,562 - __main__ - ERROR - 予期しないエラーが発生しました
Traceback (most recent call last):
  File "D:\app_ssd\Crawlsel2\TikTokCrawlSel_v2\src\crawler\tiktok_crawler.py", line 1499, in <module>
    main()
  File "D:\app_ssd\Crawlsel2\TikTokCrawlSel_v2\src\crawler\tiktok_crawler.py", line 1480, in main
    with TikTokCrawler(
  File "D:\app_ssd\Crawlsel2\TikTokCrawlSel_v2\src\crawler\tiktok_crawler.py", line 213, in __enter__
    self._setup_mobile_fingerprinter()
  File "D:\app_ssd\Crawlsel2\TikTokCrawlSel_v2\src\crawler\tiktok_crawler.py", line 1420, in _setup_mobile_fingerprinter
    self.driver = self.selenium_manager.setup_driver()
                  ^^^^^^^^^^^^^^^^^^^^^^^^^^^^^^^^^^^^
  File "D:\app_ssd\Crawlsel2\TikTokCrawlSel_v2\src\crawler\selenium_manager.py", line 105, in setup_driver
    self.driver = uc.Chrome(options=options)
                  ^^^^^^^^^^^^^^^^^^^^^^^^^^
  File "C:\Users\kyoto\OneDrive\ドキュメント\code\tik_api\venv\Lib\site-packages\undetected_chromedriver\__init__.py", line 466, in __init__
    super(Chrome, self).__init__(
  File "C:\Users\kyoto\OneDrive\ドキュメント\code\tik_api\venv\Lib\site-packages\selenium\webdriver\chrome\webdriver.py", line 45, in __init__
    super().__init__(
  File "C:\Users\kyoto\OneDrive\ドキュメント\code\tik_api\venv\Lib\site-packages\selenium\webdriver\chromium\webdriver.py", line 61, in __init__
    super().__init__(command_executor=executor, options=options)
  File "C:\Users\kyoto\OneDrive\ドキュメント\code\tik_api\venv\Lib\site-packages\selenium\webdriver\remote\webdriver.py", line 208, in __init__
    self.start_session(capabilities)
  File "C:\Users\kyoto\OneDrive\ドキュメント\code\tik_api\venv\Lib\site-packages\undetected_chromedriver\__init__.py", line 724, in start_session
    super(selenium.webdriver.chrome.webdriver.WebDriver, self).start_session(
  File "C:\Users\kyoto\OneDrive\ドキュメント\code\tik_api\venv\Lib\site-packages\selenium\webdriver\remote\webdriver.py", line 292, in start_session
    response = self.execute(Command.NEW_SESSION, caps)["value"]
               ^^^^^^^^^^^^^^^^^^^^^^^^^^^^^^^^^^^^^^^
  File "C:\Users\kyoto\OneDrive\ドキュメント\code\tik_api\venv\Lib\site-packages\selenium\webdriver\remote\webdriver.py", line 347, in execute
    self.error_handler.check_response(response)
  File "C:\Users\kyoto\OneDrive\ドキュメント\code\tik_api\venv\Lib\site-packages\selenium\webdriver\remote\errorhandler.py", line 229, in check_response
    raise exception_class(message, screen, stacktrace)
selenium.common.exceptions.InvalidArgumentException: Message: invalid argument: cannot parse capability: goog:chromeOptions
from invalid argument: unrecognized chrome option: excludeSwitches
Stacktrace:
	GetHandleVerifier [0x0062FC83+61635]
	GetHandleVerifier [0x0062FCC4+61700]
	(No symbol) [0x004505D3]
	(No symbol) [0x00477B5C]
	(No symbol) [0x00479510]
	(No symbol) [0x004745CD]
	(No symbol) [0x004C7812]
	(No symbol) [0x004C7242]
	(No symbol) [0x004C8A06]
	(No symbol) [0x004C880A]
	(No symbol) [0x004BD096]
	(No symbol) [0x0048C840]
	(No symbol) [0x0048D6A4]
	GetHandleVerifier [0x008B45A3+2701795]
	GetHandleVerifier [0x008AFD26+2683238]
	GetHandleVerifier [0x008CAA6E+2793134]
	GetHandleVerifier [0x00646945+155013]
	GetHandleVerifier [0x0064D02D+181357]
	GetHandleVerifier [0x006374D8+92440]
	GetHandleVerifier [0x00637680+92864]
	GetHandleVerifier [0x00622070+5296]
	BaseThreadInitThunk [0x759B5D49+25]
	RtlInitializeExceptionChain [0x7727D03B+107]
	RtlGetAppContainerNamedObjectPath [0x7727CFC1+561]

