2025-07-28 20:35:13,179 - __main__ - INFO - クロール用アカウントnana_ito@pivotx.jpでTikTokにログイン中...
2025-07-28 20:36:19,074 - __main__ - INFO - クロール用アカウントnana_ito@pivotx.jpでTikTokへのログインに成功しました
2025-07-28 20:36:19,192 - __main__ - INFO - クロール対象のお気に入りユーザー10件に対しbothデータのクロールを行います
2025-07-28 20:36:19,345 - __main__ - INFO - ユーザー @livgroup.official.saiyo のbothデータのクロールを開始
2025-07-28 20:36:19,346 - __main__ - DEBUG - ユーザー @livgroup.official.saiyo のページに移動中...
2025-07-28 20:36:30,768 - __main__ - DEBUG - ユーザー @livgroup.official.saiyo のページに移動しました
2025-07-28 20:36:30,768 - __main__ - DEBUG - 動画の軽いデータの前半を取得中...
2025-07-28 20:37:04,924 - __main__ - DEBUG - 100件の画像要素を目標にユーザーページをスクロールします...
2025-07-28 20:37:07,197 - __main__ - DEBUG - 38件の画像要素を確認しました。
2025-07-28 20:37:11,941 - __main__ - DEBUG - 54件の画像要素を確認しました。
2025-07-28 20:37:18,345 - __main__ - DEBUG - 85件の画像要素を確認しました。
2025-07-28 20:37:26,303 - __main__ - DEBUG - 101件の画像要素を確認しました。
2025-07-28 20:37:26,305 - __main__ - DEBUG - 目標以上の101件の画像要素を確認しました。スクロールを完了します。
2025-07-28 20:37:26,350 - __main__ - DEBUG - 動画の軽いデータの前半を求めて100本の動画要素を走査します
2025-07-28 20:37:35,604 - __main__ - DEBUG - 動画の軽いデータの前半を取得しました: 100件
2025-07-28 20:37:35,606 - __main__ - DEBUG - ユーザー @livgroup.official.saiyo のlast_crawledを更新します
2025-07-28 20:37:35,638 - __main__ - INFO - ユーザー @livgroup.official.saiyo の軽いデータののクロールを開始
2025-07-28 20:37:35,640 - __main__ - DEBUG - 動画の軽いデータをパースおよび保存中...
2025-07-28 20:37:35,650 - __main__ - DEBUG - light_like_datasをoutput\debug\light_like_datas_20250728_203735.csvに出力しました: 100件
2025-07-28 20:37:36,923 - __main__ - INFO - 動画の軽いデータをパースおよび保存しました: 100件
2025-07-28 20:37:36,927 - __main__ - INFO - バッチの軽いデータのクロールを完了しました。ユーザー名のクロールを開始します。
2025-07-28 20:37:36,931 - __main__ - DEBUG - ユーザー名のデータを取得して保存中...
2025-07-28 20:37:37,100 - __main__ - DEBUG - ユーザー名のデータを取得して保存しました: livgroup.official.saiyo, 丸の内にいる営業マン🌟
2025-07-28 20:37:37,103 - __main__ - DEBUG - 動画ページに移動中...: https://www.tiktok.com/@livgroup.official.saiyo/video/7515581931069787399
2025-07-28 20:37:43,161 - __main__ - DEBUG - 動画ページに移動しました: https://www.tiktok.com/@livgroup.official.saiyo/video/7515581931069787399
2025-07-28 20:37:43,161 - __main__ - DEBUG - 動画の重いデータを取得中...
2025-07-28 20:37:43,456 - __main__ - DEBUG - 動画の重いデータを取得しました: https://www.tiktok.com/@livgroup.official.saiyo/video/7515581931069787399
2025-07-28 20:37:43,457 - __main__ - DEBUG - 動画の重いデータをパースおよび保存中...: https://www.tiktok.com/@livgroup.official.saiyo/video/7515581931069787399
2025-07-28 20:37:43,505 - __main__ - INFO - 動画の重いデータをパースおよび保存しました: https://www.tiktok.com/@livgroup.official.saiyo/video/7515581931069787399
2025-07-28 20:46:55,685 - __main__ - DEBUG - 動画ページの閉じるボタンをクリックしてユーザーページに戻ります...
2025-07-28 20:47:11,888 - __main__ - WARNING - ユーザーページへの戻りに失敗 (無視して続行)
2025-07-28 20:47:11,894 - __main__ - INFO - ユーザーにより中断されました
